<?xml version="1.0" encoding="UTF-8"?>
<!-- Generated by org.testng.reporters.JUnitReportReporter -->
<testsuite hostname="LAPTOP-FCKCVFJD" failures="0" tests="1" name="runner.TestRunner" time="8.820" errors="0" timestamp="2021-07-13T11:38:15 CDT" skipped="0">
  <testcase classname="runner.TestRunner" name="verifyGoogleSearch" time="8.820"/>
  <system-out/>
</testsuite> <!-- runner.TestRunner -->
